<?xml version="1.0" encoding="UTF-8"?>
<!-- Generated by org.testng.reporters.JUnitReportReporter -->
<testsuite hostname="DESKTOP-Q6QKMPN" failures="0" tests="4" name="com.bank.testcase.AddcustomerTest" time="35.525" errors="0" timestamp="2025-08-19T02:23:05 IST" skipped="0">
  <testcase classname="com.bank.testcase.AddcustomerTest" name="vldfirstNameTest" time="5.511"/>
  <testcase classname="com.bank.testcase.AddcustomerTest" name="vldlastnameTest" time="5.952"/>
  <testcase classname="com.bank.testcase.AddcustomerTest" name="vldpincodeTest" time="8.219"/>
  <testcase classname="com.bank.testcase.AddcustomerTest" name="vldaddcustTest" time="15.843"/>
</testsuite> <!-- com.bank.testcase.AddcustomerTest -->
