<?xml version="1.0" encoding="UTF-8"?>
<!-- Generated by org.testng.reporters.JUnitReportReporter -->
<testsuite hostname="DESKTOP-Q6QKMPN" failures="0" tests="2" name="com.bank.testcase.customertest" time="10.546" errors="0" timestamp="2025-08-19T02:23:05 IST" skipped="0">
  <testcase classname="com.bank.testcase.customertest" name="deletebuttonuitest" time="5.440"/>
  <testcase classname="com.bank.testcase.customertest" name="deletecustomertes" time="5.106"/>
</testsuite> <!-- com.bank.testcase.customertest -->
