<?xml version="1.0" encoding="UTF-8"?>
<!-- Generated by org.testng.reporters.JUnitReportReporter -->
<testsuite hostname="DESKTOP-Q6QKMPN" failures="0" tests="4" name="com.bank.testcase.AddcustomerTest" time="28.899" errors="0" timestamp="2025-08-13T02:09:29 IST" skipped="0">
  <testcase classname="com.bank.testcase.AddcustomerTest" name="vldfirstNameTest" time="3.688"/>
  <testcase classname="com.bank.testcase.AddcustomerTest" name="vldlastnameTest" time="5.345"/>
  <testcase classname="com.bank.testcase.AddcustomerTest" name="vldpincodeTest" time="5.062"/>
  <testcase classname="com.bank.testcase.AddcustomerTest" name="vldaddcustTest" time="14.804"/>
</testsuite> <!-- com.bank.testcase.AddcustomerTest -->
