<?xml version="1.0" encoding="UTF-8"?>
<!-- Generated by org.testng.reporters.JUnitReportReporter -->
<testsuite hostname="DESKTOP-Q6QKMPN" failures="0" tests="6" name="com.bank.testcase.ManagerhomepageTest" time="28.425" errors="0" timestamp="2025-08-19T02:23:05 IST" skipped="0">
  <testcase classname="com.bank.testcase.ManagerhomepageTest" name="displayaddcustomertest" time="4.886"/>
  <testcase classname="com.bank.testcase.ManagerhomepageTest" name="displayopenaccounttest" time="4.951"/>
  <testcase classname="com.bank.testcase.ManagerhomepageTest" name="displaycustomertest" time="4.689"/>
  <testcase classname="com.bank.testcase.ManagerhomepageTest" name="vldclickAddcustbtn" time="5.125"/>
  <testcase classname="com.bank.testcase.ManagerhomepageTest" name="vldclickopnaccbtn" time="4.632"/>
  <testcase classname="com.bank.testcase.ManagerhomepageTest" name="vldclickcustbtn" time="4.142"/>
</testsuite> <!-- com.bank.testcase.ManagerhomepageTest -->
