<?xml version="1.0" encoding="UTF-8"?>
<!-- Generated by org.testng.reporters.JUnitReportReporter -->
<testsuite hostname="DESKTOP-Q6QKMPN" failures="0" tests="3" name="com.bank.testcase.opneaccountTest" time="13.846" errors="0" timestamp="2025-08-13T02:09:29 IST" skipped="0">
  <testcase classname="com.bank.testcase.opneaccountTest" name="getuserfeildtest" time="3.999"/>
  <testcase classname="com.bank.testcase.opneaccountTest" name="getcurrency" time="4.698"/>
  <testcase classname="com.bank.testcase.opneaccountTest" name="openaccounttest" time="5.149"/>
</testsuite> <!-- com.bank.testcase.opneaccountTest -->
