<?xml version="1.0" encoding="UTF-8"?>
<!-- Generated by org.testng.reporters.JUnitReportReporter -->
<testsuite hostname="DESKTOP-Q6QKMPN" failures="0" tests="3" name="com.bank.testcase.LoginPageTest" time="15.392" errors="0" timestamp="2025-08-18T02:22:38 IST" skipped="0">
  <testcase classname="com.bank.testcase.LoginPageTest" name="validateloginpageTitle" time="3.757"/>
  <testcase classname="com.bank.testcase.LoginPageTest" name="validatemanloginbutton" time="3.352"/>
  <testcase classname="com.bank.testcase.LoginPageTest" name="validatedologin" time="8.283"/>
</testsuite> <!-- com.bank.testcase.LoginPageTest -->
