<?xml version="1.0" encoding="UTF-8"?>
<!-- Generated by org.testng.reporters.JUnitReportReporter -->
<testsuite hostname="DESKTOP-Q6QKMPN" failures="0" tests="3" name="com.bank.testcase.LoginPageTest" time="15.638" errors="0" timestamp="2025-08-13T02:09:29 IST" skipped="0">
  <testcase classname="com.bank.testcase.LoginPageTest" name="validateloginpageTitle" time="5.703"/>
  <testcase classname="com.bank.testcase.LoginPageTest" name="validatemanloginbutton" time="4.724"/>
  <testcase classname="com.bank.testcase.LoginPageTest" name="validatedologin" time="5.211"/>
</testsuite> <!-- com.bank.testcase.LoginPageTest -->
