<?xml version="1.0" encoding="UTF-8"?>
<!-- Generated by org.testng.reporters.JUnitReportReporter -->
<testsuite hostname="DESKTOP-Q6QKMPN" failures="0" tests="6" name="com.bank.testcase.ManagerhomepageTest" time="25.739" errors="0" timestamp="2025-08-13T02:09:29 IST" skipped="0">
  <testcase classname="com.bank.testcase.ManagerhomepageTest" name="displayaddcustomertest" time="4.712"/>
  <testcase classname="com.bank.testcase.ManagerhomepageTest" name="displayopenaccounttest" time="4.964"/>
  <testcase classname="com.bank.testcase.ManagerhomepageTest" name="displaycustomertest" time="4.265"/>
  <testcase classname="com.bank.testcase.ManagerhomepageTest" name="vldclickAddcustbtn" time="3.653"/>
  <testcase classname="com.bank.testcase.ManagerhomepageTest" name="vldclickopnaccbtn" time="4.051"/>
  <testcase classname="com.bank.testcase.ManagerhomepageTest" name="vldclickcustbtn" time="4.094"/>
</testsuite> <!-- com.bank.testcase.ManagerhomepageTest -->
