<?xml version="1.0" encoding="UTF-8"?>
<!-- Generated by org.testng.reporters.JUnitReportReporter -->
<testsuite hostname="DESKTOP-Q6QKMPN" failures="0" tests="3" name="com.bank.testcase.LoginPageTest" time="13.203" errors="0" timestamp="2025-08-19T02:23:05 IST" skipped="0">
  <testcase classname="com.bank.testcase.LoginPageTest" name="validateloginpageTitle" time="3.725"/>
  <testcase classname="com.bank.testcase.LoginPageTest" name="validatemanloginbutton" time="5.443"/>
  <testcase classname="com.bank.testcase.LoginPageTest" name="validatedologin" time="4.035"/>
</testsuite> <!-- com.bank.testcase.LoginPageTest -->
