<?xml version="1.0" encoding="UTF-8"?>
<!-- Generated by org.testng.reporters.JUnitReportReporter -->
<testsuite hostname="DESKTOP-Q6QKMPN" failures="0" tests="3" name="com.bank.testcase.opneaccountTest" time="15.335" errors="0" timestamp="2025-08-19T02:23:05 IST" skipped="0">
  <testcase classname="com.bank.testcase.opneaccountTest" name="getuserfeildtest" time="5.041"/>
  <testcase classname="com.bank.testcase.opneaccountTest" name="getcurrency" time="4.486"/>
  <testcase classname="com.bank.testcase.opneaccountTest" name="openaccounttest" time="5.808"/>
</testsuite> <!-- com.bank.testcase.opneaccountTest -->
